<?xml version="1.0" encoding="UTF-8"?>
<testsuite xmlns:xsi="http://www.w3.org/2001/XMLSchema-instance" xsi:noNamespaceSchemaLocation="https://maven.apache.org/surefire/maven-surefire-plugin/xsd/surefire-test-report-3.0.xsd" version="3.0" name="KruskalAlgorithmTest" time="0.025" tests="8" errors="0" skipped="0" failures="0">
  <properties>
[...]
</properties>
  <testcase name="testKruskalGrafoNullLanzaError" classname="KruskalAlgorithmTest" time="0.005"/>
  <testcase name="testKruskalGrafoNoConexoLanzaError" classname="KruskalAlgorithmTest" time="0.002"/>
  <testcase name="testKruskalGrafoVacioDevuelveGrafoVacio" classname="KruskalAlgorithmTest" time="0.0"/>
  <testcase name="testKruskalConEmpatesNoExigeAristasExactas" classname="KruskalAlgorithmTest" time="0.0"/>
  <testcase name="testKruskalNoModificaGrafoOriginal" classname="KruskalAlgorithmTest" time="0.001"/>
  <testcase name="testKruskalGrafoConexoValidoDevuelveArbolMinimo" classname="KruskalAlgorithmTest" time="0.0"/>
  <testcase name="testKruskalGrafoCompletoParte1DevuelveCostoMinimo" classname="KruskalAlgorithmTest" time="0.001"/>
  <testcase name="testKruskalGrafoConUnSoloVerticeDevuelveArbolSinAristas" classname="KruskalAlgorithmTest" time="0.0"/>
</testsuite>