<?xml version="1.0" encoding="UTF-8"?>
<testsuite xmlns:xsi="http://www.w3.org/2001/XMLSchema-instance" xsi:noNamespaceSchemaLocation="https://maven.apache.org/surefire/maven-surefire-plugin/xsd/surefire-test-report-3.0.xsd" version="3.0" name="PathTest" time="0.001" tests="6" errors="0" skipped="0" failures="0">
  <properties>
[...]
</properties>
  <testcase name="testPathPermiteCaminoVacio" classname="PathTest" time="0.0"/>
  <testcase name="testPathNoHaceCopiaDefensivaDelCamino" classname="PathTest" time="0.0"/>
  <testcase name="testGetPathRetornaElCaminoGuardado" classname="PathTest" time="0.0"/>
  <testcase name="testGetCostRetornaElCostoGuardado" classname="PathTest" time="0.0"/>
  <testcase name="testPathPermiteCostoInfinito" classname="PathTest" time="0.0"/>
  <testcase name="testGetPathRetornaLaMismaReferenciaRecibidaEnConstructor" classname="PathTest" time="0.0"/>
</testsuite>