<?xml version="1.0" encoding="UTF-8"?>
<testsuite xmlns:xsi="http://www.w3.org/2001/XMLSchema-instance" xsi:noNamespaceSchemaLocation="https://maven.apache.org/surefire/maven-surefire-plugin/xsd/surefire-test-report-3.0.xsd" version="3.0" name="DirectedGraphTest" time="0.02" tests="38" errors="0" skipped="0" failures="0">
  <properties>
[...]
</properties>
  <testcase name="testPredecessorsDeVerticeInexistenteDevuelveVacio" classname="DirectedGraphTest" time="0.0"/>
  <testcase name="testSuccessorsSinAristasSalientesDevuelveVacio" classname="DirectedGraphTest" time="0.0"/>
  <testcase name="testPredecessorsSinAristasEntrantesDevuelveVacio" classname="DirectedGraphTest" time="0.0"/>
  <testcase name="testSuccessorsDeVerticeInexistenteDevuelveVacio" classname="DirectedGraphTest" time="0.0"/>
  <testcase name="testAdyacenciasDeVerticeInexistenteDevuelveVacio" classname="DirectedGraphTest" time="0.0"/>
  <testcase name="testRemoverVerticeInexistenteNoModificaGrafo" classname="DirectedGraphTest" time="0.0"/>
  <testcase name="testEliminarAristaInexistenteNoModificaGrafo" classname="DirectedGraphTest" time="0.001"/>
  <testcase name="testRemoverVerticeEliminaAristasEntrantesYSalientes" classname="DirectedGraphTest" time="0.004"/>
  <testcase name="testEliminarAristaExistenteCumplePostcondiciones" classname="DirectedGraphTest" time="0.001"/>
  <testcase name="testAgregarAristaConTargetInexistenteViolaPrecondicion" classname="DirectedGraphTest" time="0.0"/>
  <testcase name="testGrafoInicialmenteVacio" classname="DirectedGraphTest" time="0.0"/>
  <testcase name="testGradoDeSalida" classname="DirectedGraphTest" time="0.001"/>
  <testcase name="testEsConexoConGrafoVacio" classname="DirectedGraphTest" time="0.0"/>
  <testcase name="testGradoDeEntrada" classname="DirectedGraphTest" time="0.0"/>
  <testcase name="testExisteVertice" classname="DirectedGraphTest" time="0.002"/>
  <testcase name="testObtenerAristaExistente" classname="DirectedGraphTest" time="0.0"/>
  <testcase name="testBuscarVerticeExistente" classname="DirectedGraphTest" time="0.0"/>
  <testcase name="testEsConexoConGrafoConectadoFuerte" classname="DirectedGraphTest" time="0.0"/>
  <testcase name="testVaciarCumplePostcondiciones" classname="DirectedGraphTest" time="0.0"/>
  <testcase name="testAristasDevuelveVistaInmodificable" classname="DirectedGraphTest" time="0.001"/>
  <testcase name="testTieneCiclosDevuelveTrueSiHayCiclo" classname="DirectedGraphTest" time="0.0"/>
  <testcase name="testVerticesDevuelveVistaInmodificable" classname="DirectedGraphTest" time="0.0"/>
  <testcase name="testTieneCiclosDevuelveFalseSiNoHayCiclo" classname="DirectedGraphTest" time="0.001"/>
  <testcase name="testEsConexoConGrafoDesconectado" classname="DirectedGraphTest" time="0.0"/>
  <testcase name="testAgregarAristaCumplePostcondiciones" classname="DirectedGraphTest" time="0.0"/>
  <testcase name="testAgregarVerticeDuplicadoNoModificaGrafo" classname="DirectedGraphTest" time="0.0"/>
  <testcase name="testObtenerAristaInexistenteDevuelveNull" classname="DirectedGraphTest" time="0.0"/>
  <testcase name="testAgregarAristaEsDirigida" classname="DirectedGraphTest" time="0.0"/>
  <testcase name="testAgregarVerticeCumplePostcondicion" classname="DirectedGraphTest" time="0.0"/>
  <testcase name="testNoAgregaAristaDuplicada" classname="DirectedGraphTest" time="0.0"/>
  <testcase name="testSuccessorsConVariosVecinos" classname="DirectedGraphTest" time="0.0"/>
  <testcase name="testPredecessorsConVariosVecinos" classname="DirectedGraphTest" time="0.0"/>
  <testcase name="testAdyacenciasDevuelveAristasSalientes" classname="DirectedGraphTest" time="0.0"/>
  <testcase name="testBuscarVerticeInexistenteDevuelveNull" classname="DirectedGraphTest" time="0.0"/>
  <testcase name="testAgregarAristaConSourceInexistenteViolaPrecondicion" classname="DirectedGraphTest" time="0.0"/>
  <testcase name="testConstructorConAristasInicialesMantieneAdyacencias" classname="DirectedGraphTest" time="0.001"/>
  <testcase name="testConstructorConVerticesInicialesCreaAdyacencias" classname="DirectedGraphTest" time="0.0"/>
  <testcase name="testModificarListaDevueltaPorAdyacenciasNoModificaGrafo" classname="DirectedGraphTest" time="0.0"/>
</testsuite>